                                          CREST
                     COUPLED ROUTING AND EXCESS STORAGE (OU & NASA)
                               Version 2.1 10/31/2014
 
 Run start date and time (yyyy/mm/dd hh:mm:ss): 2022/06/16 20:36:42
 
 
  Running Style is Simulation!
   Model Start Time: 20090722      
   Model End Time: 20100728      
 
           1  2009-07-22
           2  2009-07-23
           3  2009-07-24
           4  2009-07-25
           5  2009-07-26
           6  2009-07-27
           7  2009-07-28
           8  2009-07-29
           9  2009-07-30
          10  2009-07-31
          11  2009-08-01
          12  2009-08-02
          13  2009-08-03
          14  2009-08-04
          15  2009-08-05
          16  2009-08-06
          17  2009-08-07
          18  2009-08-08
          19  2009-08-09
          20  2009-08-10
          21  2009-08-11
          22  2009-08-12
          23  2009-08-13
          24  2009-08-14
          25  2009-08-15
          26  2009-08-16
          27  2009-08-17
          28  2009-08-18
          29  2009-08-19
          30  2009-08-20
          31  2009-08-21
          32  2009-08-22
          33  2009-08-23
          34  2009-08-24
          35  2009-08-25
          36  2009-08-26
          37  2009-08-27
          38  2009-08-28
          39  2009-08-29
          40  2009-08-30
          41  2009-08-31
          42  2009-09-01
          43  2009-09-02
          44  2009-09-03
          45  2009-09-04
          46  2009-09-05
          47  2009-09-06
          48  2009-09-07
          49  2009-09-08
          50  2009-09-09
          51  2009-09-10
          52  2009-09-11
          53  2009-09-12
          54  2009-09-13
          55  2009-09-14
          56  2009-09-15
          57  2009-09-16
          58  2009-09-17
          59  2009-09-18
          60  2009-09-19
          61  2009-09-20
          62  2009-09-21
          63  2009-09-22
          64  2009-09-23
          65  2009-09-24
          66  2009-09-25
          67  2009-09-26
          68  2009-09-27
          69  2009-09-28
          70  2009-09-29
          71  2009-09-30
          72  2009-10-01
          73  2009-10-02
          74  2009-10-03
          75  2009-10-04
          76  2009-10-05
          77  2009-10-06
          78  2009-10-07
          79  2009-10-08
          80  2009-10-09
          81  2009-10-10
          82  2009-10-11
          83  2009-10-12
          84  2009-10-13
          85  2009-10-14
          86  2009-10-15
          87  2009-10-16
          88  2009-10-17
          89  2009-10-18
          90  2009-10-19
          91  2009-10-20
          92  2009-10-21
          93  2009-10-22
          94  2009-10-23
          95  2009-10-24
          96  2009-10-25
          97  2009-10-26
          98  2009-10-27
          99  2009-10-28
         100  2009-10-29
         101  2009-10-30
         102  2009-10-31
         103  2009-11-01
         104  2009-11-02
         105  2009-11-03
         106  2009-11-04
         107  2009-11-05
         108  2009-11-06
         109  2009-11-07
         110  2009-11-08
         111  2009-11-09
         112  2009-11-10
         113  2009-11-11
         114  2009-11-12
         115  2009-11-13
         116  2009-11-14
         117  2009-11-15
         118  2009-11-16
         119  2009-11-17
         120  2009-11-18
         121  2009-11-19
         122  2009-11-20
         123  2009-11-21
         124  2009-11-22
         125  2009-11-23
         126  2009-11-24
         127  2009-11-25
         128  2009-11-26
         129  2009-11-27
         130  2009-11-28
         131  2009-11-29
         132  2009-11-30
         133  2009-12-01
         134  2009-12-02
         135  2009-12-03
         136  2009-12-04
         137  2009-12-05
         138  2009-12-06
         139  2009-12-07
         140  2009-12-08
         141  2009-12-09
         142  2009-12-10
         143  2009-12-11
         144  2009-12-12
         145  2009-12-13
         146  2009-12-14
         147  2009-12-15
         148  2009-12-16
         149  2009-12-17
         150  2009-12-18
         151  2009-12-19
         152  2009-12-20
         153  2009-12-21
         154  2009-12-22
         155  2009-12-23
         156  2009-12-24
         157  2009-12-25
         158  2009-12-26
         159  2009-12-27
         160  2009-12-28
         161  2009-12-29
         162  2009-12-30
         163  2009-12-31
         164  2010-01-01
         165  2010-01-02
         166  2010-01-03
         167  2010-01-04
         168  2010-01-05
         169  2010-01-06
         170  2010-01-07
         171  2010-01-08
         172  2010-01-09
         173  2010-01-10
         174  2010-01-11
         175  2010-01-12
         176  2010-01-13
         177  2010-01-14
         178  2010-01-15
         179  2010-01-16
         180  2010-01-17
         181  2010-01-18
         182  2010-01-19
         183  2010-01-20
         184  2010-01-21
         185  2010-01-22
         186  2010-01-23
         187  2010-01-24
         188  2010-01-25
         189  2010-01-26
         190  2010-01-27
         191  2010-01-28
         192  2010-01-29
         193  2010-01-30
         194  2010-01-31
         195  2010-02-01
         196  2010-02-02
         197  2010-02-03
         198  2010-02-04
         199  2010-02-05
         200  2010-02-06
         201  2010-02-07
         202  2010-02-08
         203  2010-02-09
         204  2010-02-10
         205  2010-02-11
         206  2010-02-12
         207  2010-02-13
         208  2010-02-14
         209  2010-02-15
         210  2010-02-16
         211  2010-02-17
         212  2010-02-18
         213  2010-02-19
         214  2010-02-20
         215  2010-02-21
         216  2010-02-22
         217  2010-02-23
         218  2010-02-24
         219  2010-02-25
         220  2010-02-26
         221  2010-02-27
         222  2010-02-28
         223  2010-03-01
         224  2010-03-02
         225  2010-03-03
         226  2010-03-04
         227  2010-03-05
         228  2010-03-06
         229  2010-03-07
         230  2010-03-08
         231  2010-03-09
         232  2010-03-10
         233  2010-03-11
         234  2010-03-12
         235  2010-03-13
         236  2010-03-14
         237  2010-03-15
         238  2010-03-16
         239  2010-03-17
         240  2010-03-18
         241  2010-03-19
         242  2010-03-20
         243  2010-03-21
         244  2010-03-22
         245  2010-03-23
         246  2010-03-24
         247  2010-03-25
         248  2010-03-26
         249  2010-03-27
         250  2010-03-28
         251  2010-03-29
         252  2010-03-30
         253  2010-03-31
         254  2010-04-01
         255  2010-04-02
         256  2010-04-03
         257  2010-04-04
         258  2010-04-05
         259  2010-04-06
         260  2010-04-07
         261  2010-04-08
         262  2010-04-09
         263  2010-04-10
         264  2010-04-11
         265  2010-04-12
         266  2010-04-13
         267  2010-04-14
         268  2010-04-15
         269  2010-04-16
         270  2010-04-17
         271  2010-04-18
         272  2010-04-19
         273  2010-04-20
         274  2010-04-21
         275  2010-04-22
         276  2010-04-23
         277  2010-04-24
         278  2010-04-25
         279  2010-04-26
         280  2010-04-27
         281  2010-04-28
         282  2010-04-29
         283  2010-04-30
         284  2010-05-01
         285  2010-05-02
         286  2010-05-03
         287  2010-05-04
         288  2010-05-05
         289  2010-05-06
         290  2010-05-07
         291  2010-05-08
         292  2010-05-09
         293  2010-05-10
         294  2010-05-11
         295  2010-05-12
         296  2010-05-13
         297  2010-05-14
         298  2010-05-15
         299  2010-05-16
         300  2010-05-17
         301  2010-05-18
         302  2010-05-19
         303  2010-05-20
         304  2010-05-21
         305  2010-05-22
         306  2010-05-23
         307  2010-05-24
         308  2010-05-25
         309  2010-05-26
         310  2010-05-27
         311  2010-05-28
         312  2010-05-29
         313  2010-05-30
         314  2010-05-31
         315  2010-06-01
         316  2010-06-02
         317  2010-06-03
         318  2010-06-04
         319  2010-06-05
         320  2010-06-06
         321  2010-06-07
         322  2010-06-08
         323  2010-06-09
         324  2010-06-10
         325  2010-06-11
         326  2010-06-12
         327  2010-06-13
         328  2010-06-14
         329  2010-06-15
         330  2010-06-16
         331  2010-06-17
         332  2010-06-18
         333  2010-06-19
         334  2010-06-20
         335  2010-06-21
         336  2010-06-22
         337  2010-06-23
         338  2010-06-24
         339  2010-06-25
         340  2010-06-26
         341  2010-06-27
         342  2010-06-28
         343  2010-06-29
         344  2010-06-30
         345  2010-07-01
         346  2010-07-02
         347  2010-07-03
         348  2010-07-04
         349  2010-07-05
         350  2010-07-06
         351  2010-07-07
         352  2010-07-08
         353  2010-07-09
         354  2010-07-10
         355  2010-07-11
         356  2010-07-12
         357  2010-07-13
         358  2010-07-14
         359  2010-07-15
         360  2010-07-16
         361  2010-07-17
         362  2010-07-18
         363  2010-07-19
         364  2010-07-20
         365  2010-07-21
         366  2010-07-22
         367  2010-07-23
         368  2010-07-24
         369  2010-07-25
         370  2010-07-26
         371  2010-07-27
         372  2010-07-28
 
   The results of the Outlet is: 
      NSCE:   0.142012333364304     
      Bias(%):   -26.8591364334249     
      CC:   0.950120639117292     
 
 
 Run end date and time (yyyy/mm/dd hh:mm:ss): 2022/06/16 20:37:07
 Elapsed run time: 25.187 Seconds

