                                          CREST
                     COUPLED ROUTING AND EXCESS STORAGE (OU & NASA)
                               Version 2.1 10/31/2014
 
 Run start date and time (yyyy/mm/dd hh:mm:ss): 2023/02/15 16:47:11
 
 
  Running Style is Simulation!
   Model Start Time: 20110101      
   Model End Time: 20161231      
 
           1  2011-01-01
           2  2011-01-02
           3  2011-01-03
           4  2011-01-04
           5  2011-01-05
           6  2011-01-06
           7  2011-01-07
           8  2011-01-08
           9  2011-01-09
          10  2011-01-10
          11  2011-01-11
          12  2011-01-12
          13  2011-01-13
          14  2011-01-14
          15  2011-01-15
          16  2011-01-16
          17  2011-01-17
          18  2011-01-18
          19  2011-01-19
          20  2011-01-20
          21  2011-01-21
          22  2011-01-22
          23  2011-01-23
          24  2011-01-24
          25  2011-01-25
          26  2011-01-26
          27  2011-01-27
          28  2011-01-28
          29  2011-01-29
          30  2011-01-30
          31  2011-01-31
          32  2011-02-01
          33  2011-02-02
          34  2011-02-03
          35  2011-02-04
          36  2011-02-05
          37  2011-02-06
          38  2011-02-07
          39  2011-02-08
          40  2011-02-09
          41  2011-02-10
          42  2011-02-11
          43  2011-02-12
          44  2011-02-13
          45  2011-02-14
          46  2011-02-15
          47  2011-02-16
          48  2011-02-17
          49  2011-02-18
          50  2011-02-19
          51  2011-02-20
          52  2011-02-21
          53  2011-02-22
          54  2011-02-23
          55  2011-02-24
          56  2011-02-25
          57  2011-02-26
          58  2011-02-27
          59  2011-02-28
          60  2011-03-01
          61  2011-03-02
          62  2011-03-03
          63  2011-03-04
          64  2011-03-05
          65  2011-03-06
          66  2011-03-07
          67  2011-03-08
          68  2011-03-09
          69  2011-03-10
          70  2011-03-11
          71  2011-03-12
          72  2011-03-13
          73  2011-03-14
          74  2011-03-15
          75  2011-03-16
          76  2011-03-17
          77  2011-03-18
          78  2011-03-19
          79  2011-03-20
          80  2011-03-21
          81  2011-03-22
          82  2011-03-23
          83  2011-03-24
          84  2011-03-25
          85  2011-03-26
          86  2011-03-27
          87  2011-03-28
          88  2011-03-29
          89  2011-03-30
          90  2011-03-31
          91  2011-04-01
          92  2011-04-02
          93  2011-04-03
          94  2011-04-04
          95  2011-04-05
          96  2011-04-06
          97  2011-04-07
          98  2011-04-08
          99  2011-04-09
         100  2011-04-10
         101  2011-04-11
         102  2011-04-12
         103  2011-04-13
         104  2011-04-14
         105  2011-04-15
         106  2011-04-16
         107  2011-04-17
         108  2011-04-18
         109  2011-04-19
         110  2011-04-20
         111  2011-04-21
         112  2011-04-22
         113  2011-04-23
         114  2011-04-24
         115  2011-04-25
         116  2011-04-26
         117  2011-04-27
         118  2011-04-28
         119  2011-04-29
         120  2011-04-30
         121  2011-05-01
         122  2011-05-02
         123  2011-05-03
         124  2011-05-04
         125  2011-05-05
         126  2011-05-06
         127  2011-05-07
         128  2011-05-08
         129  2011-05-09
         130  2011-05-10
         131  2011-05-11
         132  2011-05-12
         133  2011-05-13
         134  2011-05-14
         135  2011-05-15
         136  2011-05-16
         137  2011-05-17
         138  2011-05-18
         139  2011-05-19
         140  2011-05-20
         141  2011-05-21
         142  2011-05-22
         143  2011-05-23
         144  2011-05-24
         145  2011-05-25
         146  2011-05-26
         147  2011-05-27
         148  2011-05-28
         149  2011-05-29
         150  2011-05-30
         151  2011-05-31
         152  2011-06-01
         153  2011-06-02
         154  2011-06-03
         155  2011-06-04
         156  2011-06-05
         157  2011-06-06
         158  2011-06-07
         159  2011-06-08
         160  2011-06-09
         161  2011-06-10
         162  2011-06-11
         163  2011-06-12
         164  2011-06-13
         165  2011-06-14
         166  2011-06-15
         167  2011-06-16
         168  2011-06-17
         169  2011-06-18
         170  2011-06-19
         171  2011-06-20
         172  2011-06-21
         173  2011-06-22
         174  2011-06-23
         175  2011-06-24
         176  2011-06-25
         177  2011-06-26
         178  2011-06-27
         179  2011-06-28
         180  2011-06-29
         181  2011-06-30
         182  2011-07-01
         183  2011-07-02
         184  2011-07-03
         185  2011-07-04
         186  2011-07-05
         187  2011-07-06
         188  2011-07-07
         189  2011-07-08
         190  2011-07-09
         191  2011-07-10
         192  2011-07-11
         193  2011-07-12
         194  2011-07-13
         195  2011-07-14
         196  2011-07-15
         197  2011-07-16
         198  2011-07-17
         199  2011-07-18
         200  2011-07-19
         201  2011-07-20
         202  2011-07-21
         203  2011-07-22
         204  2011-07-23
         205  2011-07-24
         206  2011-07-25
         207  2011-07-26
         208  2011-07-27
         209  2011-07-28
         210  2011-07-29
         211  2011-07-30
         212  2011-07-31
         213  2011-08-01
         214  2011-08-02
         215  2011-08-03
         216  2011-08-04
         217  2011-08-05
         218  2011-08-06
         219  2011-08-07
         220  2011-08-08
         221  2011-08-09
         222  2011-08-10
         223  2011-08-11
         224  2011-08-12
         225  2011-08-13
         226  2011-08-14
         227  2011-08-15
         228  2011-08-16
         229  2011-08-17
         230  2011-08-18
         231  2011-08-19
         232  2011-08-20
         233  2011-08-21
         234  2011-08-22
         235  2011-08-23
         236  2011-08-24
         237  2011-08-25
         238  2011-08-26
         239  2011-08-27
         240  2011-08-28
         241  2011-08-29
         242  2011-08-30
         243  2011-08-31
         244  2011-09-01
         245  2011-09-02
         246  2011-09-03
         247  2011-09-04
         248  2011-09-05
         249  2011-09-06
         250  2011-09-07
         251  2011-09-08
         252  2011-09-09
         253  2011-09-10
         254  2011-09-11
         255  2011-09-12
         256  2011-09-13
         257  2011-09-14
         258  2011-09-15
         259  2011-09-16
         260  2011-09-17
         261  2011-09-18
         262  2011-09-19
         263  2011-09-20
         264  2011-09-21
         265  2011-09-22
         266  2011-09-23
         267  2011-09-24
         268  2011-09-25
         269  2011-09-26
         270  2011-09-27
         271  2011-09-28
         272  2011-09-29
         273  2011-09-30
         274  2011-10-01
         275  2011-10-02
         276  2011-10-03
         277  2011-10-04
         278  2011-10-05
         279  2011-10-06
         280  2011-10-07
         281  2011-10-08
         282  2011-10-09
         283  2011-10-10
         284  2011-10-11
         285  2011-10-12
         286  2011-10-13
         287  2011-10-14
         288  2011-10-15
         289  2011-10-16
         290  2011-10-17
         291  2011-10-18
         292  2011-10-19
         293  2011-10-20
         294  2011-10-21
         295  2011-10-22
         296  2011-10-23
         297  2011-10-24
         298  2011-10-25
         299  2011-10-26
         300  2011-10-27
         301  2011-10-28
         302  2011-10-29
         303  2011-10-30
         304  2011-10-31
         305  2011-11-01
         306  2011-11-02
         307  2011-11-03
         308  2011-11-04
         309  2011-11-05
         310  2011-11-06
         311  2011-11-07
         312  2011-11-08
         313  2011-11-09
         314  2011-11-10
         315  2011-11-11
         316  2011-11-12
         317  2011-11-13
         318  2011-11-14
         319  2011-11-15
         320  2011-11-16
         321  2011-11-17
         322  2011-11-18
         323  2011-11-19
         324  2011-11-20
         325  2011-11-21
         326  2011-11-22
         327  2011-11-23
         328  2011-11-24
         329  2011-11-25
         330  2011-11-26
         331  2011-11-27
         332  2011-11-28
         333  2011-11-29
         334  2011-11-30
         335  2011-12-01
         336  2011-12-02
         337  2011-12-03
         338  2011-12-04
         339  2011-12-05
         340  2011-12-06
         341  2011-12-07
         342  2011-12-08
         343  2011-12-09
         344  2011-12-10
         345  2011-12-11
         346  2011-12-12
         347  2011-12-13
         348  2011-12-14
         349  2011-12-15
         350  2011-12-16
         351  2011-12-17
         352  2011-12-18
         353  2011-12-19
         354  2011-12-20
         355  2011-12-21
         356  2011-12-22
         357  2011-12-23
         358  2011-12-24
         359  2011-12-25
         360  2011-12-26
         361  2011-12-27
         362  2011-12-28
         363  2011-12-29
         364  2011-12-30
         365  2011-12-31
         366  2012-01-01
         367  2012-01-02
         368  2012-01-03
         369  2012-01-04
         370  2012-01-05
         371  2012-01-06
         372  2012-01-07
         373  2012-01-08
         374  2012-01-09
         375  2012-01-10
         376  2012-01-11
         377  2012-01-12
         378  2012-01-13
         379  2012-01-14
         380  2012-01-15
         381  2012-01-16
         382  2012-01-17
         383  2012-01-18
         384  2012-01-19
         385  2012-01-20
         386  2012-01-21
         387  2012-01-22
         388  2012-01-23
         389  2012-01-24
         390  2012-01-25
         391  2012-01-26
         392  2012-01-27
         393  2012-01-28
         394  2012-01-29
         395  2012-01-30
         396  2012-01-31
         397  2012-02-01
         398  2012-02-02
         399  2012-02-03
         400  2012-02-04
         401  2012-02-05
         402  2012-02-06
         403  2012-02-07
         404  2012-02-08
         405  2012-02-09
         406  2012-02-10
         407  2012-02-11
         408  2012-02-12
         409  2012-02-13
         410  2012-02-14
         411  2012-02-15
         412  2012-02-16
         413  2012-02-17
         414  2012-02-18
         415  2012-02-19
         416  2012-02-20
         417  2012-02-21
         418  2012-02-22
         419  2012-02-23
         420  2012-02-24
         421  2012-02-25
         422  2012-02-26
         423  2012-02-27
         424  2012-02-28
         425  2012-02-29
         426  2012-03-01
         427  2012-03-02
         428  2012-03-03
         429  2012-03-04
         430  2012-03-05
         431  2012-03-06
         432  2012-03-07
         433  2012-03-08
         434  2012-03-09
         435  2012-03-10
         436  2012-03-11
         437  2012-03-12
         438  2012-03-13
         439  2012-03-14
         440  2012-03-15
         441  2012-03-16
         442  2012-03-17
         443  2012-03-18
         444  2012-03-19
         445  2012-03-20
         446  2012-03-21
         447  2012-03-22
         448  2012-03-23
         449  2012-03-24
         450  2012-03-25
         451  2012-03-26
         452  2012-03-27
         453  2012-03-28
         454  2012-03-29
         455  2012-03-30
         456  2012-03-31
         457  2012-04-01
         458  2012-04-02
         459  2012-04-03
         460  2012-04-04
         461  2012-04-05
         462  2012-04-06
         463  2012-04-07
         464  2012-04-08
         465  2012-04-09
         466  2012-04-10
         467  2012-04-11
         468  2012-04-12
         469  2012-04-13
         470  2012-04-14
         471  2012-04-15
         472  2012-04-16
         473  2012-04-17
         474  2012-04-18
         475  2012-04-19
         476  2012-04-20
         477  2012-04-21
         478  2012-04-22
         479  2012-04-23
         480  2012-04-24
         481  2012-04-25
         482  2012-04-26
         483  2012-04-27
         484  2012-04-28
         485  2012-04-29
         486  2012-04-30
         487  2012-05-01
         488  2012-05-02
         489  2012-05-03
         490  2012-05-04
         491  2012-05-05
         492  2012-05-06
         493  2012-05-07
         494  2012-05-08
         495  2012-05-09
         496  2012-05-10
         497  2012-05-11
         498  2012-05-12
         499  2012-05-13
         500  2012-05-14
         501  2012-05-15
         502  2012-05-16
         503  2012-05-17
         504  2012-05-18
         505  2012-05-19
         506  2012-05-20
         507  2012-05-21
         508  2012-05-22
         509  2012-05-23
         510  2012-05-24
         511  2012-05-25
         512  2012-05-26
         513  2012-05-27
         514  2012-05-28
         515  2012-05-29
         516  2012-05-30
         517  2012-05-31
         518  2012-06-01
         519  2012-06-02
         520  2012-06-03
         521  2012-06-04
         522  2012-06-05
         523  2012-06-06
         524  2012-06-07
         525  2012-06-08
         526  2012-06-09
         527  2012-06-10
         528  2012-06-11
         529  2012-06-12
         530  2012-06-13
         531  2012-06-14
         532  2012-06-15
         533  2012-06-16
         534  2012-06-17
         535  2012-06-18
         536  2012-06-19
         537  2012-06-20
         538  2012-06-21
         539  2012-06-22
         540  2012-06-23
         541  2012-06-24
         542  2012-06-25
         543  2012-06-26
         544  2012-06-27
         545  2012-06-28
         546  2012-06-29
         547  2012-06-30
         548  2012-07-01
         549  2012-07-02
         550  2012-07-03
         551  2012-07-04
         552  2012-07-05
         553  2012-07-06
         554  2012-07-07
         555  2012-07-08
         556  2012-07-09
         557  2012-07-10
         558  2012-07-11
         559  2012-07-12
         560  2012-07-13
         561  2012-07-14
         562  2012-07-15
         563  2012-07-16
         564  2012-07-17
         565  2012-07-18
         566  2012-07-19
         567  2012-07-20
         568  2012-07-21
         569  2012-07-22
         570  2012-07-23
         571  2012-07-24
         572  2012-07-25
         573  2012-07-26
         574  2012-07-27
         575  2012-07-28
         576  2012-07-29
         577  2012-07-30
         578  2012-07-31
         579  2012-08-01
         580  2012-08-02
         581  2012-08-03
         582  2012-08-04
         583  2012-08-05
         584  2012-08-06
         585  2012-08-07
         586  2012-08-08
         587  2012-08-09
         588  2012-08-10
         589  2012-08-11
         590  2012-08-12
         591  2012-08-13
         592  2012-08-14
         593  2012-08-15
         594  2012-08-16
         595  2012-08-17
         596  2012-08-18
         597  2012-08-19
         598  2012-08-20
         599  2012-08-21
         600  2012-08-22
         601  2012-08-23
         602  2012-08-24
         603  2012-08-25
         604  2012-08-26
         605  2012-08-27
         606  2012-08-28
         607  2012-08-29
         608  2012-08-30
         609  2012-08-31
         610  2012-09-01
         611  2012-09-02
         612  2012-09-03
         613  2012-09-04
         614  2012-09-05
         615  2012-09-06
         616  2012-09-07
         617  2012-09-08
         618  2012-09-09
         619  2012-09-10
         620  2012-09-11
         621  2012-09-12
         622  2012-09-13
         623  2012-09-14
         624  2012-09-15
         625  2012-09-16
         626  2012-09-17
         627  2012-09-18
         628  2012-09-19
         629  2012-09-20
         630  2012-09-21
         631  2012-09-22
         632  2012-09-23
         633  2012-09-24
         634  2012-09-25
         635  2012-09-26
         636  2012-09-27
         637  2012-09-28
         638  2012-09-29
         639  2012-09-30
         640  2012-10-01
         641  2012-10-02
         642  2012-10-03
         643  2012-10-04
         644  2012-10-05
         645  2012-10-06
         646  2012-10-07
         647  2012-10-08
         648  2012-10-09
         649  2012-10-10
         650  2012-10-11
         651  2012-10-12
         652  2012-10-13
         653  2012-10-14
         654  2012-10-15
         655  2012-10-16
         656  2012-10-17
         657  2012-10-18
         658  2012-10-19
         659  2012-10-20
         660  2012-10-21
         661  2012-10-22
         662  2012-10-23
         663  2012-10-24
         664  2012-10-25
         665  2012-10-26
         666  2012-10-27
         667  2012-10-28
         668  2012-10-29
         669  2012-10-30
         670  2012-10-31
         671  2012-11-01
         672  2012-11-02
         673  2012-11-03
         674  2012-11-04
         675  2012-11-05
         676  2012-11-06
         677  2012-11-07
         678  2012-11-08
         679  2012-11-09
         680  2012-11-10
         681  2012-11-11
         682  2012-11-12
         683  2012-11-13
         684  2012-11-14
         685  2012-11-15
         686  2012-11-16
         687  2012-11-17
         688  2012-11-18
         689  2012-11-19
         690  2012-11-20
         691  2012-11-21
         692  2012-11-22
         693  2012-11-23
         694  2012-11-24
         695  2012-11-25
         696  2012-11-26
         697  2012-11-27
         698  2012-11-28
         699  2012-11-29
         700  2012-11-30
         701  2012-12-01
         702  2012-12-02
         703  2012-12-03
         704  2012-12-04
         705  2012-12-05
         706  2012-12-06
         707  2012-12-07
         708  2012-12-08
         709  2012-12-09
         710  2012-12-10
         711  2012-12-11
         712  2012-12-12
         713  2012-12-13
         714  2012-12-14
         715  2012-12-15
         716  2012-12-16
         717  2012-12-17
         718  2012-12-18
         719  2012-12-19
         720  2012-12-20
         721  2012-12-21
         722  2012-12-22
         723  2012-12-23
         724  2012-12-24
         725  2012-12-25
         726  2012-12-26
         727  2012-12-27
         728  2012-12-28
         729  2012-12-29
         730  2012-12-30
         731  2012-12-31
         732  2013-01-01
         733  2013-01-02
         734  2013-01-03
         735  2013-01-04
         736  2013-01-05
         737  2013-01-06
         738  2013-01-07
         739  2013-01-08
         740  2013-01-09
         741  2013-01-10
         742  2013-01-11
         743  2013-01-12
         744  2013-01-13
         745  2013-01-14
         746  2013-01-15
         747  2013-01-16
         748  2013-01-17
         749  2013-01-18
         750  2013-01-19
         751  2013-01-20
         752  2013-01-21
         753  2013-01-22
         754  2013-01-23
         755  2013-01-24
         756  2013-01-25
         757  2013-01-26
         758  2013-01-27
         759  2013-01-28
         760  2013-01-29
         761  2013-01-30
         762  2013-01-31
         763  2013-02-01
         764  2013-02-02
         765  2013-02-03
         766  2013-02-04
         767  2013-02-05
         768  2013-02-06
         769  2013-02-07
         770  2013-02-08
         771  2013-02-09
         772  2013-02-10
         773  2013-02-11
         774  2013-02-12
         775  2013-02-13
         776  2013-02-14
         777  2013-02-15
         778  2013-02-16
         779  2013-02-17
         780  2013-02-18
         781  2013-02-19
         782  2013-02-20
         783  2013-02-21
         784  2013-02-22
         785  2013-02-23
         786  2013-02-24
         787  2013-02-25
         788  2013-02-26
         789  2013-02-27
         790  2013-02-28
         791  2013-03-01
         792  2013-03-02
         793  2013-03-03
         794  2013-03-04
         795  2013-03-05
         796  2013-03-06
         797  2013-03-07
         798  2013-03-08
         799  2013-03-09
         800  2013-03-10
         801  2013-03-11
         802  2013-03-12
         803  2013-03-13
         804  2013-03-14
         805  2013-03-15
         806  2013-03-16
         807  2013-03-17
         808  2013-03-18
         809  2013-03-19
         810  2013-03-20
         811  2013-03-21
         812  2013-03-22
         813  2013-03-23
         814  2013-03-24
         815  2013-03-25
         816  2013-03-26
         817  2013-03-27
         818  2013-03-28
         819  2013-03-29
         820  2013-03-30
         821  2013-03-31
         822  2013-04-01
         823  2013-04-02
         824  2013-04-03
         825  2013-04-04
         826  2013-04-05
         827  2013-04-06
         828  2013-04-07
         829  2013-04-08
         830  2013-04-09
         831  2013-04-10
         832  2013-04-11
         833  2013-04-12
         834  2013-04-13
         835  2013-04-14
         836  2013-04-15
         837  2013-04-16
         838  2013-04-17
         839  2013-04-18
         840  2013-04-19
         841  2013-04-20
         842  2013-04-21
         843  2013-04-22
